<?xml version="1.0" encoding="UTF-8"?>
<!-- Generated by org.testng.reporters.JUnitReportReporter -->
<testsuite hostname="DESKTOP-6891DEK" failures="0" tests="5" name="sec16TestNG.lect133carLoan" time="0.017" errors="0" timestamp="2022-12-30T12:56:23 IST" skipped="0">
  <testcase classname="sec16TestNG.lect133carLoan" name="MobileSignOutCarLoan" time="0.002"/>
  <system-out/>
  <testcase classname="sec16TestNG.lect133carLoan" name="webLoginCarLoan" time="0.005"/>
  <system-out/>
  <testcase classname="sec16TestNG.lect133carLoan" name="APICarLoan" time="0.003"/>
  <system-out/>
  <testcase classname="sec16TestNG.lect133carLoan" name="MobileSignInCarLoan" time="0.002"/>
  <system-out/>
  <testcase classname="sec16TestNG.lect133carLoan" name="MobileLoginCarLoan" time="0.005"/>
  <system-out/>
</testsuite> <!-- sec16TestNG.lect133carLoan -->
