<?xml version="1.0" encoding="UTF-8"?>
<!-- Generated by org.testng.reporters.JUnitReportReporter -->
<testsuite hostname="DESKTOP-6891DEK" failures="0" tests="4" name="sec16TestNG.lect132XMLfile" time="0.012" errors="0" timestamp="2022-12-30T14:57:51 IST" skipped="0">
  <testcase classname="sec16TestNG.lect132XMLfile" name="SecondPrograme" time="0.003"/>
  <system-out/>
  <testcase classname="sec16TestNG.lect132XMLfile" name="FirstPrograme" time="0.005"/>
  <system-out/>
  <testcase classname="sec16TestNG.lect132XMLfile" name="SecondPrograme" time="0.002"/>
  <system-out/>
  <testcase classname="sec16TestNG.lect132XMLfile" name="SecondPrograme" time="0.002"/>
  <system-out/>
</testsuite> <!-- sec16TestNG.lect132XMLfile -->
