<?xml version="1.0" encoding="UTF-8"?>
<!-- Generated by org.testng.reporters.JUnitReportReporter -->
<testsuite hostname="DESKTOP-6891DEK" failures="0" tests="1" name="sec16TestNG.lect132XMLfile2" time="0.002" errors="0" timestamp="2022-12-30T12:52:54 IST" skipped="0">
  <testcase classname="sec16TestNG.lect132XMLfile2" name="PersonalLoan" time="0.002"/>
  <system-out/>
</testsuite> <!-- sec16TestNG.lect132XMLfile2 -->
