<?xml version="1.0" encoding="UTF-8"?>
<!-- Generated by org.testng.reporters.JUnitReportReporter -->
<testsuite hostname="DESKTOP-6891DEK" failures="0" tests="3" name="sec16TestNG.lect133homeLoan" time="0.006" errors="0" timestamp="2022-12-30T12:56:23 IST" skipped="0">
  <testcase classname="sec16TestNG.lect133homeLoan" name="MobileLoginHomeLoan" time="0.001"/>
  <system-out/>
  <testcase classname="sec16TestNG.lect133homeLoan" name="webLoginHomeLoan" time="0.002"/>
  <system-out/>
  <testcase classname="sec16TestNG.lect133homeLoan" name="LoginAPIHomeLoan" time="0.003"/>
  <system-out/>
</testsuite> <!-- sec16TestNG.lect133homeLoan -->
