<?xml version="1.0" encoding="UTF-8"?>
<!-- Generated by org.testng.reporters.JUnitReportReporter -->
<testsuite hostname="DESKTOP-6891DEK" failures="0" tests="2" name="sec16TestNG.lect132" time="0.010" errors="0" timestamp="2022-12-29T16:13:45 IST" skipped="0">
  <testcase classname="sec16TestNG.lect132" name="FirstPrograme" time="0.007"/>
  <system-out/>
  <testcase classname="sec16TestNG.lect132" name="SecondPrograme" time="0.003"/>
  <system-out/>
</testsuite> <!-- sec16TestNG.lect132 -->
